<?xml version="1.0" encoding="UTF-8"?>
<!-- Generated by org.testng.reporters.JUnitReportReporter -->
<testsuite skipped="0" hostname="Rajiv" name="qa.crm.demo.Parent" tests="2" failures="0" timestamp="12 Nov 2019 11:20:18 GMT" time="0.027" errors="0">
  <testcase name="test1" time="0.024" classname="qa.crm.demo.Parent"/>
  <testcase name="test2" time="0.003" classname="qa.crm.demo.Parent"/>
</testsuite> <!-- qa.crm.demo.Parent -->
