<?xml version="1.0" encoding="UTF-8"?>
<!-- Generated by org.testng.reporters.JUnitReportReporter -->
<testsuite name="qa.crm.testcases.LoginPageTest" tests="1" time="30.898" ignored="2" failures="0" timestamp="28 Jun 2020 12:47:55 GMT" skipped="0" hostname="Rajiv" errors="0">
  <testcase name="validateLoginImage" time="30.898" classname="qa.crm.testcases.LoginPageTest"/>
  <testcase name="validateLoginPageTitle" classname="qa.crm.testcases.LoginPageTest">
    <skipped/>
  </testcase> <!-- validateLoginPageTitle -->
  <testcase name="LoginTest" classname="qa.crm.testcases.LoginPageTest">
    <skipped/>
  </testcase> <!-- LoginTest -->
</testsuite> <!-- qa.crm.testcases.LoginPageTest -->
