<?xml version="1.0" encoding="UTF-8"?>
<!-- Generated by org.testng.reporters.JUnitReportReporter -->
<testsuite skipped="0" hostname="Rajiv" name="qa.crm.testcases.HomePageTest" tests="1" failures="0" timestamp="15 Nov 2019 03:28:29 GMT" time="15.135" errors="0">
  <testcase name="homePageTitle" time="15.135" classname="qa.crm.testcases.HomePageTest"/>
</testsuite> <!-- qa.crm.testcases.HomePageTest -->
