<?xml version="1.0" encoding="UTF-8"?>
<!-- Generated by org.testng.reporters.JUnitReportReporter -->
<testsuite skipped="0" hostname="Rajiv" name="qa.crm.testcases.LoginPageTest" tests="3" failures="0" timestamp="03 Feb 2019 06:03:11 GMT" time="88.148" errors="0">
  <testcase name="validateLoginImage" time="32.004" classname="qa.crm.testcases.LoginPageTest"/>
  <testcase name="validateLoginPageTitle" time="25.953" classname="qa.crm.testcases.LoginPageTest"/>
  <testcase name="LoginTest" time="30.191" classname="qa.crm.testcases.LoginPageTest"/>
</testsuite> <!-- qa.crm.testcases.LoginPageTest -->
