<?xml version="1.0" encoding="UTF-8"?>
<!-- Generated by org.testng.reporters.JUnitReportReporter -->
<testsuite skipped="0" hostname="Rajiv" name="qa.crm.testcases.demo" tests="4" failures="0" timestamp="21 Apr 2018 07:46:27 GMT" time="0.015" errors="0">
  <testcase name="getdata" time="0.015" classname="qa.crm.testcases.demo"/>
  <testcase name="getdata" time="0.000" classname="qa.crm.testcases.demo"/>
  <testcase name="getdata" time="0.000" classname="qa.crm.testcases.demo"/>
  <testcase name="getdata" time="0.000" classname="qa.crm.testcases.demo"/>
</testsuite> <!-- qa.crm.testcases.demo -->
