<?xml version="1.0" encoding="UTF-8"?>
<!-- Generated by org.testng.reporters.JUnitReportReporter -->
<testsuite skipped="1" hostname="Rajiv" name="qa.crm.testcases.LoginPageTest" tests="3" failures="0" timestamp="15 Nov 2019 03:28:29 GMT" time="40.068" errors="0">
  <testcase name="validateLoginImage" time="26.202" classname="qa.crm.testcases.LoginPageTest"/>
  <testcase name="validateLoginPageTitle" time="13.866" classname="qa.crm.testcases.LoginPageTest"/>
  <testcase name="LoginTest" classname="qa.crm.testcases.LoginPageTest">
    <skipped/>
  </testcase> <!-- LoginTest -->
</testsuite> <!-- qa.crm.testcases.LoginPageTest -->
