<?xml version="1.0" encoding="UTF-8"?>
<!-- Generated by org.testng.reporters.JUnitReportReporter -->
<testsuite skipped="0" hostname="Rajiv" name="qa.crm.demo.Hell" tests="1" failures="0" timestamp="12 Nov 2019 11:20:18 GMT" time="0.003" errors="0">
  <testcase name="test4" time="0.003" classname="qa.crm.demo.Hell"/>
</testsuite> <!-- qa.crm.demo.Hell -->
