<?xml version="1.0" encoding="UTF-8"?>
<!-- Generated by org.testng.reporters.JUnitReportReporter -->
<testsuite skipped="0" hostname="Rajiv" name="qa.crm.testcases.LoginPageTest" tests="3" failures="0" timestamp="03 Feb 2019 13:24:40 GMT" time="212.289" errors="0">
  <testcase name="validateLoginImage" time="42.536" classname="qa.crm.testcases.LoginPageTest"/>
  <testcase name="validateLoginPageTitle" time="93.031" classname="qa.crm.testcases.LoginPageTest"/>
  <testcase name="LoginTest" time="76.722" classname="qa.crm.testcases.LoginPageTest"/>
</testsuite> <!-- qa.crm.testcases.LoginPageTest -->
